2025-11-01 20:10:48,302 - market_conditions - INFO - 交易所 bybit 公共数据连接初始化成功
2025-11-01 20:10:48,302 - market_conditions - INFO - 公共数据收集器 bybit 初始化完成，订阅币对: 1 个
2025-11-01 20:10:48,307 - market_conditions - INFO - 交易所 bybit:default 私有数据连接初始化成功
2025-11-01 20:10:48,307 - market_conditions - INFO - 私有数据收集器 bybit:default 初始化完成，用户ID: Lxxxxx_default
2025-11-01 20:10:48,307 - market_conditions - WARNING - 账户 bybit:user1 缺少API密钥，跳过私有数据收集
2025-11-01 20:10:48,307 - market_conditions - WARNING - 账户 bybit:user2 缺少API密钥，跳过私有数据收集
2025-11-01 20:10:48,307 - market_conditions - INFO - 交易所 bybit 收集器初始化完成
2025-11-01 20:10:48,314 - market_conditions - INFO - 交易所 binance 公共数据连接初始化成功
2025-11-01 20:10:48,314 - market_conditions - INFO - 公共数据收集器 binance 初始化完成，订阅币对: 4 个
2025-11-01 20:10:48,314 - market_conditions - WARNING - 账户 binance:default 缺少API密钥，跳过私有数据收集
2025-11-01 20:10:48,314 - market_conditions - WARNING - 账户 binance:user1 缺少API密钥，跳过私有数据收集
2025-11-01 20:10:48,314 - market_conditions - INFO - 交易所 binance 收集器初始化完成
2025-11-01 20:10:48,314 - market_conditions - INFO - 数据收集器初始化完成
2025-11-01 20:10:48,314 - market_conditions - INFO - 启动公共数据收集器
2025-11-01 20:10:48,314 - market_conditions - INFO - 启动了 2 个公共数据收集器任务
2025-11-01 20:10:48,315 - market_conditions - INFO - 启动 bybit 公共数据收集
2025-11-01 20:10:48,315 - market_conditions - INFO - 启动了 1 个 bybit 公共数据收集任务
2025-11-01 20:10:48,315 - market_conditions - INFO - 启动 binance 公共数据收集
2025-11-01 20:10:48,315 - market_conditions - INFO - 启动了 2 个 binance 公共数据收集任务
2025-11-01 20:10:48,315 - market_conditions - INFO - 开始收集 bybit 合约数据: ['XRP/USDT:USDT']
2025-11-01 20:10:48,315 - market_conditions - INFO - 开始收集 binance 现货数据: ['BTC/USDT', 'ETH/USDT', 'BNB/USDT']
2025-11-01 20:10:48,315 - market_conditions - INFO - 开始收集 binance 合约数据: ['XRP/USDT:USDT']
2025-11-01 20:10:48,399 - market_conditions - INFO - 收集器管理器（仅公共数据）已启动
2025-11-01 20:10:48,399 - market_conditions - INFO - 数据收集器已自动启动（仅公共数据: True）
2025-11-01 20:10:48,402 - market_conditions - INFO - 数据读取器初始化完成
2025-11-01 20:10:59,274 - market_conditions - ERROR - 监听 binance BTC/USDT ticker数据失败: binance GET https://fapi.binance.com/fapi/v1/exchangeInfo
2025-11-01 20:10:59,275 - market_conditions - ERROR - 监听 binance BTC/USDT trade数据失败: binance GET https://fapi.binance.com/fapi/v1/exchangeInfo
2025-11-01 20:10:59,275 - market_conditions - ERROR - 监听 binance BTC/USDT 1m K线数据失败: binance GET https://fapi.binance.com/fapi/v1/exchangeInfo
2025-11-01 20:10:59,275 - market_conditions - ERROR - 监听 binance BTC/USDT 5m K线数据失败: binance GET https://fapi.binance.com/fapi/v1/exchangeInfo
2025-11-01 20:10:59,275 - market_conditions - ERROR - 监听 binance BTC/USDT 15m K线数据失败: binance GET https://fapi.binance.com/fapi/v1/exchangeInfo
2025-11-01 20:10:59,275 - market_conditions - ERROR - 监听 binance XRP/USDT:USDT ticker数据失败: binance GET https://fapi.binance.com/fapi/v1/exchangeInfo
2025-11-01 20:10:59,275 - market_conditions - ERROR - 监听 binance XRP/USDT:USDT trade数据失败: binance GET https://fapi.binance.com/fapi/v1/exchangeInfo
2025-11-01 20:10:59,275 - market_conditions - ERROR - 监听 binance XRP/USDT:USDT 1m K线数据失败: binance GET https://fapi.binance.com/fapi/v1/exchangeInfo
2025-11-01 20:10:59,276 - market_conditions - ERROR - 监听 binance XRP/USDT:USDT 5m K线数据失败: binance GET https://fapi.binance.com/fapi/v1/exchangeInfo
2025-11-01 20:10:59,276 - market_conditions - ERROR - 监听 binance XRP/USDT:USDT 15m K线数据失败: binance GET https://fapi.binance.com/fapi/v1/exchangeInfo
2025-11-01 20:10:59,276 - market_conditions - ERROR - 监听 binance ETH/USDT ticker数据失败: binance GET https://fapi.binance.com/fapi/v1/exchangeInfo
2025-11-01 20:10:59,276 - market_conditions - ERROR - 监听 binance ETH/USDT trade数据失败: binance GET https://fapi.binance.com/fapi/v1/exchangeInfo
2025-11-01 20:10:59,276 - market_conditions - ERROR - 监听 binance ETH/USDT 1m K线数据失败: binance GET https://fapi.binance.com/fapi/v1/exchangeInfo
2025-11-01 20:10:59,276 - market_conditions - ERROR - 监听 binance ETH/USDT 5m K线数据失败: binance GET https://fapi.binance.com/fapi/v1/exchangeInfo
2025-11-01 20:10:59,276 - market_conditions - ERROR - 监听 binance ETH/USDT 15m K线数据失败: binance GET https://fapi.binance.com/fapi/v1/exchangeInfo
2025-11-01 20:10:59,276 - market_conditions - ERROR - 监听 binance BNB/USDT ticker数据失败: binance GET https://fapi.binance.com/fapi/v1/exchangeInfo
2025-11-01 20:10:59,276 - market_conditions - ERROR - 监听 binance BNB/USDT trade数据失败: binance GET https://fapi.binance.com/fapi/v1/exchangeInfo
2025-11-01 20:10:59,276 - market_conditions - ERROR - 监听 binance BNB/USDT 1m K线数据失败: binance GET https://fapi.binance.com/fapi/v1/exchangeInfo
2025-11-01 20:10:59,276 - market_conditions - ERROR - 监听 binance BNB/USDT 5m K线数据失败: binance GET https://fapi.binance.com/fapi/v1/exchangeInfo
2025-11-01 20:10:59,276 - market_conditions - ERROR - 监听 binance BNB/USDT 15m K线数据失败: binance GET https://fapi.binance.com/fapi/v1/exchangeInfo
2025-11-01 20:11:05,773 - market_conditions - INFO - 使用数据库中的ticker数据: bybit XRP/USDT:USDT
2025-11-01 20:11:05,773 - market_conditions - INFO - 使用数据库中的orderbook数据: bybit XRP/USDT:USDT
2025-11-01 20:11:05,774 - market_conditions - INFO - 使用数据库中的trades数据: bybit XRP/USDT:USDT
2025-11-01 20:11:05,774 - market_conditions - INFO - 程序退出，正在停止数据收集器...
2025-11-01 20:11:05,774 - market_conditions - INFO - 停止数据收集器
2025-11-01 20:11:05,774 - market_conditions - INFO - 停止 bybit 公共数据收集
2025-11-01 20:11:05,774 - market_conditions - INFO - 停止 binance 公共数据收集
2025-11-01 20:11:05,774 - market_conditions - INFO - 停止 bybit:default 私有数据收集
2025-11-01 20:11:06,025 - market_conditions - INFO - 已关闭交易所 bybit:default 私有数据连接
2025-11-01 20:11:06,025 - market_conditions - INFO - bybit:default 私有数据收集器已停止
2025-11-01 20:11:06,437 - market_conditions - INFO - 已关闭交易所 bybit 公共数据连接
2025-11-01 20:11:06,437 - market_conditions - INFO - bybit 公共数据收集器已停止
2025-11-01 20:11:07,020 - market_conditions - INFO - 已关闭交易所 binance 公共数据连接
2025-11-01 20:11:07,020 - market_conditions - INFO - binance 公共数据收集器已停止
2025-11-01 20:11:07,020 - market_conditions - INFO - 数据收集器已停止
2025-11-01 20:11:12,026 - market_conditions - INFO - 收集器管理器已停止
2025-11-01 20:12:37,030 - market_conditions - INFO - 交易所 bybit 公共数据连接初始化成功
2025-11-01 20:12:37,031 - market_conditions - INFO - 公共数据收集器 bybit 初始化完成，订阅币对: 1 个
2025-11-01 20:12:37,031 - market_conditions - WARNING - 账户 bybit:default 缺少API密钥，跳过私有数据收集
2025-11-01 20:12:37,031 - market_conditions - WARNING - 账户 bybit:user1 缺少API密钥，跳过私有数据收集
2025-11-01 20:12:37,031 - market_conditions - WARNING - 账户 bybit:user2 缺少API密钥，跳过私有数据收集
2025-11-01 20:12:37,031 - market_conditions - INFO - 交易所 bybit 收集器初始化完成
2025-11-01 20:12:37,037 - market_conditions - INFO - 交易所 binance 公共数据连接初始化成功
2025-11-01 20:12:37,037 - market_conditions - INFO - 公共数据收集器 binance 初始化完成，订阅币对: 4 个
2025-11-01 20:12:37,037 - market_conditions - WARNING - 账户 binance:default 缺少API密钥，跳过私有数据收集
2025-11-01 20:12:37,037 - market_conditions - WARNING - 账户 binance:user1 缺少API密钥，跳过私有数据收集
2025-11-01 20:12:37,037 - market_conditions - INFO - 交易所 binance 收集器初始化完成
2025-11-01 20:12:37,037 - market_conditions - INFO - 数据收集器初始化完成
2025-11-01 20:12:37,038 - market_conditions - INFO - 启动公共数据收集器
2025-11-01 20:12:37,038 - market_conditions - INFO - 启动了 2 个公共数据收集器任务
2025-11-01 20:12:37,038 - market_conditions - INFO - 启动 bybit 公共数据收集
2025-11-01 20:12:37,038 - market_conditions - INFO - 启动了 1 个 bybit 公共数据收集任务
2025-11-01 20:12:37,038 - market_conditions - INFO - 启动 binance 公共数据收集
2025-11-01 20:12:37,038 - market_conditions - INFO - 启动了 2 个 binance 公共数据收集任务
2025-11-01 20:12:37,038 - market_conditions - INFO - 开始收集 bybit 合约数据: ['XRP/USDT:USDT']
2025-11-01 20:12:37,038 - market_conditions - INFO - 开始收集 binance 现货数据: ['BTC/USDT', 'ETH/USDT', 'BNB/USDT']
2025-11-01 20:12:37,038 - market_conditions - INFO - 开始收集 binance 合约数据: ['XRP/USDT:USDT']
2025-11-01 20:12:37,123 - market_conditions - INFO - 收集器管理器（仅公共数据）已启动
2025-11-01 20:12:37,124 - market_conditions - INFO - 数据收集器已自动启动（仅公共数据: True）
2025-11-01 20:12:37,127 - market_conditions - INFO - 数据读取器初始化完成
2025-11-01 20:12:47,270 - market_conditions - ERROR - 监听 binance BTC/USDT ticker数据失败: binance GET https://fapi.binance.com/fapi/v1/exchangeInfo
2025-11-01 20:12:47,271 - market_conditions - ERROR - 监听 binance BTC/USDT trade数据失败: binance GET https://fapi.binance.com/fapi/v1/exchangeInfo
2025-11-01 20:12:47,271 - market_conditions - ERROR - 监听 binance BTC/USDT 1m K线数据失败: binance GET https://fapi.binance.com/fapi/v1/exchangeInfo
2025-11-01 20:12:47,271 - market_conditions - ERROR - 监听 binance BTC/USDT 5m K线数据失败: binance GET https://fapi.binance.com/fapi/v1/exchangeInfo
2025-11-01 20:12:47,271 - market_conditions - ERROR - 监听 binance BTC/USDT 15m K线数据失败: binance GET https://fapi.binance.com/fapi/v1/exchangeInfo
2025-11-01 20:12:47,271 - market_conditions - ERROR - 监听 binance XRP/USDT:USDT ticker数据失败: binance GET https://fapi.binance.com/fapi/v1/exchangeInfo
2025-11-01 20:12:47,271 - market_conditions - ERROR - 监听 binance XRP/USDT:USDT trade数据失败: binance GET https://fapi.binance.com/fapi/v1/exchangeInfo
2025-11-01 20:12:47,271 - market_conditions - ERROR - 监听 binance XRP/USDT:USDT 1m K线数据失败: binance GET https://fapi.binance.com/fapi/v1/exchangeInfo
2025-11-01 20:12:47,271 - market_conditions - ERROR - 监听 binance XRP/USDT:USDT 5m K线数据失败: binance GET https://fapi.binance.com/fapi/v1/exchangeInfo
2025-11-01 20:12:47,271 - market_conditions - ERROR - 监听 binance XRP/USDT:USDT 15m K线数据失败: binance GET https://fapi.binance.com/fapi/v1/exchangeInfo
2025-11-01 20:12:47,271 - market_conditions - ERROR - 监听 binance ETH/USDT ticker数据失败: binance GET https://fapi.binance.com/fapi/v1/exchangeInfo
2025-11-01 20:12:47,271 - market_conditions - ERROR - 监听 binance ETH/USDT trade数据失败: binance GET https://fapi.binance.com/fapi/v1/exchangeInfo
2025-11-01 20:12:47,271 - market_conditions - ERROR - 监听 binance ETH/USDT 1m K线数据失败: binance GET https://fapi.binance.com/fapi/v1/exchangeInfo
2025-11-01 20:12:47,271 - market_conditions - ERROR - 监听 binance ETH/USDT 5m K线数据失败: binance GET https://fapi.binance.com/fapi/v1/exchangeInfo
2025-11-01 20:12:47,271 - market_conditions - ERROR - 监听 binance ETH/USDT 15m K线数据失败: binance GET https://fapi.binance.com/fapi/v1/exchangeInfo
2025-11-01 20:12:47,271 - market_conditions - ERROR - 监听 binance BNB/USDT ticker数据失败: binance GET https://fapi.binance.com/fapi/v1/exchangeInfo
2025-11-01 20:12:47,272 - market_conditions - ERROR - 监听 binance BNB/USDT trade数据失败: binance GET https://fapi.binance.com/fapi/v1/exchangeInfo
2025-11-01 20:12:47,272 - market_conditions - ERROR - 监听 binance BNB/USDT 1m K线数据失败: binance GET https://fapi.binance.com/fapi/v1/exchangeInfo
2025-11-01 20:12:47,272 - market_conditions - ERROR - 监听 binance BNB/USDT 5m K线数据失败: binance GET https://fapi.binance.com/fapi/v1/exchangeInfo
2025-11-01 20:12:47,272 - market_conditions - ERROR - 监听 binance BNB/USDT 15m K线数据失败: binance GET https://fapi.binance.com/fapi/v1/exchangeInfo
2025-11-01 20:12:48,244 - market_conditions - ERROR - 监听 bybit XRP/USDT:USDT ticker数据失败: bybit GET https://api.bybit.com/v5/market/instruments-info?category=inverse&limit=1000&status=PreLaunch
2025-11-01 20:12:48,244 - market_conditions - ERROR - 监听 bybit XRP/USDT:USDT trade数据失败: bybit GET https://api.bybit.com/v5/market/instruments-info?category=inverse&limit=1000&status=PreLaunch
2025-11-01 20:12:48,244 - market_conditions - ERROR - 监听 bybit XRP/USDT:USDT 1m K线数据失败: bybit GET https://api.bybit.com/v5/market/instruments-info?category=inverse&limit=1000&status=PreLaunch
2025-11-01 20:12:48,244 - market_conditions - ERROR - 监听 bybit XRP/USDT:USDT 5m K线数据失败: bybit GET https://api.bybit.com/v5/market/instruments-info?category=inverse&limit=1000&status=PreLaunch
2025-11-01 20:12:48,245 - market_conditions - ERROR - 监听 bybit XRP/USDT:USDT 15m K线数据失败: bybit GET https://api.bybit.com/v5/market/instruments-info?category=inverse&limit=1000&status=PreLaunch
2025-11-01 20:12:56,153 - market_conditions - INFO - 使用数据库中的ticker数据: bybit XRP/USDT:USDT
2025-11-01 20:12:56,153 - market_conditions - INFO - 使用数据库中的orderbook数据: bybit XRP/USDT:USDT
2025-11-01 20:12:56,154 - market_conditions - INFO - 使用数据库中的trades数据: bybit XRP/USDT:USDT
2025-11-01 20:12:56,154 - market_conditions - INFO - 程序退出，正在停止数据收集器...
2025-11-01 20:12:56,154 - market_conditions - INFO - 停止数据收集器
2025-11-01 20:12:56,154 - market_conditions - INFO - 停止 bybit 公共数据收集
2025-11-01 20:12:56,154 - market_conditions - INFO - 停止 binance 公共数据收集
2025-11-01 20:12:56,801 - market_conditions - INFO - 已关闭交易所 bybit 公共数据连接
2025-11-01 20:12:56,801 - market_conditions - INFO - bybit 公共数据收集器已停止
2025-11-01 20:12:56,906 - market_conditions - INFO - 已关闭交易所 binance 公共数据连接
2025-11-01 20:12:56,906 - market_conditions - INFO - binance 公共数据收集器已停止
2025-11-01 20:12:56,906 - market_conditions - INFO - 数据收集器已停止
2025-11-01 20:13:01,911 - market_conditions - INFO - 收集器管理器已停止
2025-11-01 20:14:26,989 - market_conditions - INFO - 交易所 bybit 公共数据连接初始化成功
2025-11-01 20:14:26,989 - market_conditions - INFO - 公共数据收集器 bybit 初始化完成，订阅币对: 2 个
2025-11-01 20:14:26,989 - market_conditions - WARNING - 账户 bybit:default 缺少API密钥，跳过私有数据收集
2025-11-01 20:14:26,989 - market_conditions - WARNING - 账户 bybit:user1 缺少API密钥，跳过私有数据收集
2025-11-01 20:14:26,989 - market_conditions - WARNING - 账户 bybit:user2 缺少API密钥，跳过私有数据收集
2025-11-01 20:14:26,989 - market_conditions - INFO - 交易所 bybit 收集器初始化完成
2025-11-01 20:14:26,996 - market_conditions - INFO - 交易所 binance 公共数据连接初始化成功
2025-11-01 20:14:26,996 - market_conditions - INFO - 公共数据收集器 binance 初始化完成，订阅币对: 4 个
2025-11-01 20:14:26,996 - market_conditions - WARNING - 账户 binance:default 缺少API密钥，跳过私有数据收集
2025-11-01 20:14:26,996 - market_conditions - WARNING - 账户 binance:user1 缺少API密钥，跳过私有数据收集
2025-11-01 20:14:26,996 - market_conditions - INFO - 交易所 binance 收集器初始化完成
2025-11-01 20:14:26,996 - market_conditions - INFO - 数据收集器初始化完成
2025-11-01 20:14:26,996 - market_conditions - INFO - 启动公共数据收集器
2025-11-01 20:14:26,996 - market_conditions - INFO - 启动了 2 个公共数据收集器任务
2025-11-01 20:14:26,997 - market_conditions - INFO - 启动 bybit 公共数据收集
2025-11-01 20:14:26,997 - market_conditions - INFO - 启动了 2 个 bybit 公共数据收集任务
2025-11-01 20:14:26,997 - market_conditions - INFO - 启动 binance 公共数据收集
2025-11-01 20:14:26,997 - market_conditions - INFO - 启动了 2 个 binance 公共数据收集任务
2025-11-01 20:14:26,997 - market_conditions - INFO - 开始收集 bybit 现货数据: ['BTC/USDT']
2025-11-01 20:14:26,997 - market_conditions - INFO - 开始收集 bybit 合约数据: ['XRP/USDT:USDT']
2025-11-01 20:14:26,997 - market_conditions - INFO - 开始收集 binance 现货数据: ['BTC/USDT', 'ETH/USDT', 'BNB/USDT']
2025-11-01 20:14:26,997 - market_conditions - INFO - 开始收集 binance 合约数据: ['XRP/USDT:USDT']
2025-11-01 20:14:27,086 - market_conditions - INFO - 收集器管理器（仅公共数据）已启动
2025-11-01 20:14:27,086 - market_conditions - INFO - 数据收集器已自动启动（仅公共数据: True）
2025-11-01 20:14:27,089 - market_conditions - INFO - 数据读取器初始化完成
2025-11-01 20:14:44,808 - market_conditions - INFO - 使用数据库中的ticker数据: bybit XRP/USDT:USDT
2025-11-01 20:14:44,809 - market_conditions - INFO - 使用数据库中的orderbook数据: bybit XRP/USDT:USDT
2025-11-01 20:14:44,809 - market_conditions - INFO - 使用数据库中的trades数据: bybit XRP/USDT:USDT
2025-11-01 20:14:44,809 - market_conditions - INFO - 程序退出，正在停止数据收集器...
2025-11-01 20:14:44,809 - market_conditions - INFO - 停止数据收集器
2025-11-01 20:14:44,810 - market_conditions - INFO - 停止 bybit 公共数据收集
2025-11-01 20:14:44,810 - market_conditions - INFO - 停止 binance 公共数据收集
2025-11-01 20:14:45,773 - market_conditions - INFO - 已关闭交易所 bybit 公共数据连接
2025-11-01 20:14:45,774 - market_conditions - INFO - bybit 公共数据收集器已停止
2025-11-01 20:14:47,137 - market_conditions - INFO - 已关闭交易所 binance 公共数据连接
2025-11-01 20:14:47,138 - market_conditions - INFO - binance 公共数据收集器已停止
2025-11-01 20:14:47,138 - market_conditions - INFO - 数据收集器已停止
2025-11-01 20:14:52,144 - market_conditions - INFO - 收集器管理器已停止
2025-11-01 20:17:33,829 - market_conditions - INFO - 交易所 bybit 公共数据连接初始化成功
2025-11-01 20:17:33,830 - market_conditions - INFO - 公共数据收集器 bybit 初始化完成，订阅币对: 2 个
2025-11-01 20:17:33,830 - market_conditions - WARNING - 账户 bybit:default 缺少API密钥，跳过私有数据收集
2025-11-01 20:17:33,830 - market_conditions - WARNING - 账户 bybit:user1 缺少API密钥，跳过私有数据收集
2025-11-01 20:17:33,830 - market_conditions - WARNING - 账户 bybit:user2 缺少API密钥，跳过私有数据收集
2025-11-01 20:17:33,830 - market_conditions - INFO - 交易所 bybit 收集器初始化完成
2025-11-01 20:17:33,837 - market_conditions - INFO - 交易所 binance 公共数据连接初始化成功
2025-11-01 20:17:33,837 - market_conditions - INFO - 公共数据收集器 binance 初始化完成，订阅币对: 4 个
2025-11-01 20:17:33,837 - market_conditions - WARNING - 账户 binance:default 缺少API密钥，跳过私有数据收集
2025-11-01 20:17:33,837 - market_conditions - WARNING - 账户 binance:user1 缺少API密钥，跳过私有数据收集
2025-11-01 20:17:33,837 - market_conditions - INFO - 交易所 binance 收集器初始化完成
2025-11-01 20:17:33,837 - market_conditions - INFO - 数据收集器初始化完成
2025-11-01 20:17:33,837 - market_conditions - INFO - 启动公共数据收集器
2025-11-01 20:17:33,837 - market_conditions - INFO - 启动了 2 个公共数据收集器任务
2025-11-01 20:17:33,837 - market_conditions - INFO - 启动 bybit 公共数据收集
2025-11-01 20:17:33,837 - market_conditions - INFO - 启动了 2 个 bybit 公共数据收集任务
2025-11-01 20:17:33,837 - market_conditions - INFO - 启动 binance 公共数据收集
2025-11-01 20:17:33,837 - market_conditions - INFO - 启动了 2 个 binance 公共数据收集任务
2025-11-01 20:17:33,837 - market_conditions - INFO - 开始收集 bybit 现货数据: ['BTC/USDT']
2025-11-01 20:17:33,837 - market_conditions - INFO - 开始收集 bybit 合约数据: ['XRP/USDT:USDT']
2025-11-01 20:17:33,837 - market_conditions - INFO - 开始收集 binance 现货数据: ['BTC/USDT', 'ETH/USDT', 'BNB/USDT']
2025-11-01 20:17:33,837 - market_conditions - INFO - 开始收集 binance 合约数据: ['XRP/USDT:USDT']
2025-11-01 20:17:33,927 - market_conditions - INFO - 收集器管理器（仅公共数据）已启动
2025-11-01 20:17:33,927 - market_conditions - INFO - 数据收集器已自动启动（仅公共数据: True）
2025-11-01 20:17:33,930 - market_conditions - INFO - 数据读取器初始化完成
2025-11-01 20:18:22,238 - market_conditions - INFO - 使用数据库中的ticker数据: bybit XRP/USDT:USDT
2025-11-01 20:18:22,240 - market_conditions - INFO - 使用数据库中的orderbook数据: bybit XRP/USDT:USDT
2025-11-01 20:18:22,240 - market_conditions - INFO - 使用数据库中的trades数据: bybit XRP/USDT:USDT
2025-11-01 20:18:22,241 - market_conditions - INFO - 程序退出，正在停止数据收集器...
2025-11-01 20:18:22,241 - market_conditions - INFO - 停止数据收集器
2025-11-01 20:18:22,241 - market_conditions - INFO - 停止 bybit 公共数据收集
2025-11-01 20:18:22,241 - market_conditions - INFO - 停止 binance 公共数据收集
2025-11-01 20:18:22,979 - market_conditions - INFO - 已关闭交易所 bybit 公共数据连接
2025-11-01 20:18:22,980 - market_conditions - INFO - bybit 公共数据收集器已停止
2025-11-01 20:18:23,544 - market_conditions - INFO - 已关闭交易所 binance 公共数据连接
2025-11-01 20:18:23,545 - market_conditions - INFO - binance 公共数据收集器已停止
2025-11-01 20:18:23,545 - market_conditions - INFO - 数据收集器已停止
2025-11-01 20:18:28,551 - market_conditions - INFO - 收集器管理器已停止
